
> fiware-pep-proxy@7.0.1 start /opt/fiware-pep-proxy
> node server.js

2018-12-21 21:51:47.588  - INFO: Server - Starting PEP proxy in port 1027. IdM authentication ...
2018-12-21 21:51:47.656  - ERROR: Server - Error in IDM communication {"error":{"message":"Internal error","code":500,"title":"Internal error"}}
2018-12-21 21:51:47.657  - INFO: Server - Waiting 5 seconds before attempting again.
2018-12-21 21:51:52.755  - INFO: IDM-Client - IDM authorization configuration:
2018-12-21 21:51:52.756  - INFO: IDM-Client -  + Authzforce enabled: false
2018-12-21 21:51:52.756  - INFO: IDM-Client -  + Authorization rules allowed: HTTP Verb+Resource
2018-12-21 21:51:52.757  - INFO: Server - Success authenticating PEP proxy. Proxy Auth-token:  8a5caf21-2e57-4bd3-8957-b031441b6ffc
2018-12-21 21:51:52.758  - INFO: Server - Success authenticating PEP proxy.
2018-12-21 21:52:22.570  - INFO: IDM-Client - Checking token with IDM...
2018-12-21 21:52:24.290  - INFO: IDM-Client - Token in cache, checking timestamp...
2018-12-21 21:52:24.290  - INFO: IDM-Client - a2c6b9aa2034b7ef633fe1a8b5c816ce8d7fcbb8
2018-12-21 21:52:24.290  - INFO: IDM-Client - Token in cache expired
2018-12-21 21:52:24.290  - INFO: IDM-Client - Checking token with IDM...
2018-12-21 21:53:00.088  - INFO: IDM-Client - Token in cache, checking timestamp...
2018-12-21 21:53:00.088  - INFO: IDM-Client - a2c6b9aa2034b7ef633fe1a8b5c816ce8d7fcbb8
2018-12-21 21:53:00.088  - INFO: IDM-Client - Token in cache expired
2018-12-21 21:53:00.089  - INFO: IDM-Client - Checking token with IDM...
2018-12-21 21:53:45.977  - INFO: IDM-Client - Token in cache, checking timestamp...
2018-12-21 21:53:45.977  - INFO: IDM-Client - a2c6b9aa2034b7ef633fe1a8b5c816ce8d7fcbb8
2018-12-21 21:53:45.977  - INFO: IDM-Client - Token in cache expired
2018-12-21 21:53:45.977  - INFO: IDM-Client - Checking token with IDM...
2018-12-21 21:54:09.842  - INFO: IDM-Client - Token in cache, checking timestamp...
2018-12-21 21:54:09.842  - INFO: IDM-Client - a2c6b9aa2034b7ef633fe1a8b5c816ce8d7fcbb8
2018-12-21 21:54:09.842  - INFO: IDM-Client - Token in cache expired
2018-12-21 21:54:09.842  - INFO: IDM-Client - Checking token with IDM...
2018-12-21 21:54:20.489  - ERROR: Root - Auth-token not found in request header
2018-12-21 21:55:11.970  - INFO: IDM-Client - Token in cache, checking timestamp...
2018-12-21 21:55:11.970  - INFO: IDM-Client - a2c6b9aa2034b7ef633fe1a8b5c816ce8d7fcbb8
2018-12-21 21:55:11.970  - INFO: IDM-Client - Token in cache expired
2018-12-21 21:55:11.970  - INFO: IDM-Client - Checking token with IDM...
2018-12-21 21:55:21.649  - INFO: IDM-Client - Token in cache, checking timestamp...
2018-12-21 21:55:21.649  - INFO: IDM-Client - a2c6b9aa2034b7ef633fe1a8b5c816ce8d7fcbb8
2018-12-21 21:55:21.649  - INFO: IDM-Client - Token in cache expired
2018-12-21 21:55:21.649  - INFO: IDM-Client - Checking token with IDM...
2018-12-21 21:57:22.046  - INFO: IDM-Client - Token in cache, checking timestamp...
2018-12-21 21:57:22.046  - INFO: IDM-Client - a2c6b9aa2034b7ef633fe1a8b5c816ce8d7fcbb8
2018-12-21 21:57:22.046  - INFO: IDM-Client - Token in cache expired
2018-12-21 21:57:22.046  - INFO: IDM-Client - Checking token with IDM...
2018-12-21 21:57:23.590  - INFO: IDM-Client - Token in cache, checking timestamp...
2018-12-21 21:57:23.590  - INFO: IDM-Client - a2c6b9aa2034b7ef633fe1a8b5c816ce8d7fcbb8
2018-12-21 21:57:23.590  - INFO: IDM-Client - Token in cache expired
2018-12-21 21:57:23.590  - INFO: IDM-Client - Checking token with IDM...
2018-12-21 21:57:28.362  - INFO: IDM-Client - Token in cache, checking timestamp...
2018-12-21 21:57:28.362  - INFO: IDM-Client - a2c6b9aa2034b7ef633fe1a8b5c816ce8d7fcbb8
2018-12-21 21:57:28.362  - INFO: IDM-Client - Token in cache expired
2018-12-21 21:57:28.363  - INFO: IDM-Client - Checking token with IDM...
2018-12-21 21:57:30.597  - INFO: IDM-Client - Token in cache, checking timestamp...
2018-12-21 21:57:30.597  - INFO: IDM-Client - a2c6b9aa2034b7ef633fe1a8b5c816ce8d7fcbb8
2018-12-21 21:57:30.597  - INFO: IDM-Client - Token in cache expired
2018-12-21 21:57:30.597  - INFO: IDM-Client - Checking token with IDM...
2018-12-21 21:58:36.008  - INFO: IDM-Client - Token in cache, checking timestamp...
2018-12-21 21:58:36.008  - INFO: IDM-Client - a2c6b9aa2034b7ef633fe1a8b5c816ce8d7fcbb8
2018-12-21 21:58:36.008  - INFO: IDM-Client - Token in cache expired
2018-12-21 21:58:36.009  - INFO: IDM-Client - Checking token with IDM...
2018-12-21 21:58:37.464  - INFO: IDM-Client - Token in cache, checking timestamp...
2018-12-21 21:58:37.464  - INFO: IDM-Client - a2c6b9aa2034b7ef633fe1a8b5c816ce8d7fcbb8
2018-12-21 21:58:37.465  - INFO: IDM-Client - Token in cache expired
2018-12-21 21:58:37.465  - INFO: IDM-Client - Checking token with IDM...
2018-12-21 21:59:19.965  - INFO: IDM-Client - Token in cache, checking timestamp...
2018-12-21 21:59:19.965  - INFO: IDM-Client - a2c6b9aa2034b7ef633fe1a8b5c816ce8d7fcbb8
2018-12-21 21:59:19.966  - INFO: IDM-Client - Token in cache expired
2018-12-21 21:59:19.966  - INFO: IDM-Client - Checking token with IDM...
2018-12-21 21:59:21.611  - INFO: IDM-Client - Token in cache, checking timestamp...
2018-12-21 21:59:21.611  - INFO: IDM-Client - a2c6b9aa2034b7ef633fe1a8b5c816ce8d7fcbb8
2018-12-21 21:59:21.611  - INFO: IDM-Client - Token in cache expired
2018-12-21 21:59:21.611  - INFO: IDM-Client - Checking token with IDM...
2018-12-21 21:59:25.979  - INFO: IDM-Client - Token in cache, checking timestamp...
2018-12-21 21:59:25.980  - INFO: IDM-Client - a2c6b9aa2034b7ef633fe1a8b5c816ce8d7fcbb8
2018-12-21 21:59:25.980  - INFO: IDM-Client - Token in cache expired
2018-12-21 21:59:25.980  - INFO: IDM-Client - Checking token with IDM...
2018-12-21 21:59:27.315  - INFO: IDM-Client - Token in cache, checking timestamp...
2018-12-21 21:59:27.315  - INFO: IDM-Client - a2c6b9aa2034b7ef633fe1a8b5c816ce8d7fcbb8
2018-12-21 21:59:27.315  - INFO: IDM-Client - Token in cache expired
2018-12-21 21:59:27.316  - INFO: IDM-Client - Checking token with IDM...
2018-12-21 21:59:28.562  - INFO: IDM-Client - Token in cache, checking timestamp...
2018-12-21 21:59:28.563  - INFO: IDM-Client - a2c6b9aa2034b7ef633fe1a8b5c816ce8d7fcbb8
2018-12-21 21:59:28.563  - INFO: IDM-Client - Token in cache expired
2018-12-21 21:59:28.563  - INFO: IDM-Client - Checking token with IDM...
2018-12-21 21:59:37.588  - INFO: IDM-Client - Token in cache, checking timestamp...
2018-12-21 21:59:37.589  - INFO: IDM-Client - a2c6b9aa2034b7ef633fe1a8b5c816ce8d7fcbb8
2018-12-21 21:59:37.589  - INFO: IDM-Client - Token in cache expired
2018-12-21 21:59:37.589  - INFO: IDM-Client - Checking token with IDM...
2018-12-21 21:59:39.310  - INFO: IDM-Client - Token in cache, checking timestamp...
2018-12-21 21:59:39.311  - INFO: IDM-Client - a2c6b9aa2034b7ef633fe1a8b5c816ce8d7fcbb8
2018-12-21 21:59:39.311  - INFO: IDM-Client - Token in cache expired
2018-12-21 21:59:39.311  - INFO: IDM-Client - Checking token with IDM...
2018-12-21 22:00:38.645  - INFO: IDM-Client - Token in cache, checking timestamp...
2018-12-21 22:00:38.646  - INFO: IDM-Client - a2c6b9aa2034b7ef633fe1a8b5c816ce8d7fcbb8
2018-12-21 22:00:38.646  - INFO: IDM-Client - Token in cache expired
2018-12-21 22:00:38.646  - INFO: IDM-Client - Checking token with IDM...
2018-12-21 22:00:38.726  - INFO: Root - Access-token OK. Redirecting to app...
2018-12-21 22:00:43.449  - INFO: IDM-Client - Token in cache, checking timestamp...
2018-12-21 22:00:43.449  - INFO: IDM-Client - a2c6b9aa2034b7ef633fe1a8b5c816ce8d7fcbb8
2018-12-21 22:00:43.449  - INFO: IDM-Client - Token in cache expired
2018-12-21 22:00:43.449  - INFO: IDM-Client - Checking token with IDM...
2018-12-21 22:00:43.479  - INFO: Root - Access-token OK. Redirecting to app...
2018-12-21 22:00:53.130  - INFO: IDM-Client - Token in cache, checking timestamp...
2018-12-21 22:00:53.130  - INFO: IDM-Client - a2c6b9aa2034b7ef633fe1a8b5c816ce8d7fcbb8
2018-12-21 22:00:53.130  - INFO: IDM-Client - Token in cache expired
2018-12-21 22:00:53.130  - INFO: IDM-Client - Checking token with IDM...
2018-12-21 22:00:55.891  - INFO: IDM-Client - Token in cache, checking timestamp...
2018-12-21 22:00:55.891  - INFO: IDM-Client - a2c6b9aa2034b7ef633fe1a8b5c816ce8d7fcbb8
2018-12-21 22:00:55.891  - INFO: IDM-Client - Token in cache expired
2018-12-21 22:00:55.891  - INFO: IDM-Client - Checking token with IDM...
2018-12-21 22:01:02.172  - INFO: IDM-Client - Token in cache, checking timestamp...
2018-12-21 22:01:02.173  - INFO: IDM-Client - a2c6b9aa2034b7ef633fe1a8b5c816ce8d7fcbb8
2018-12-21 22:01:02.173  - INFO: IDM-Client - Token in cache expired
2018-12-21 22:01:02.173  - INFO: IDM-Client - Checking token with IDM...
2018-12-21 22:01:02.226  - INFO: Root - Access-token OK. Redirecting to app...
2018-12-21 22:01:06.928  - INFO: IDM-Client - Token in cache, checking timestamp...
2018-12-21 22:01:06.928  - INFO: IDM-Client - a2c6b9aa2034b7ef633fe1a8b5c816ce8d7fcbb8
2018-12-21 22:01:06.928  - INFO: IDM-Client - Token in cache expired
2018-12-21 22:01:06.929  - INFO: IDM-Client - Checking token with IDM...
2018-12-21 22:01:06.971  - INFO: Root - Access-token OK. Redirecting to app...
2018-12-21 22:01:39.120  - INFO: IDM-Client - Token in cache, checking timestamp...
2018-12-21 22:01:39.121  - INFO: IDM-Client - a2c6b9aa2034b7ef633fe1a8b5c816ce8d7fcbb8
2018-12-21 22:01:39.121  - INFO: IDM-Client - Token in cache expired
2018-12-21 22:01:39.121  - INFO: IDM-Client - Checking token with IDM...
2018-12-21 22:01:39.163  - INFO: Root - Access-token OK. Redirecting to app...
2018-12-21 22:03:54.046  - INFO: IDM-Client - Token in cache, checking timestamp...
2018-12-21 22:03:54.046  - INFO: IDM-Client - a2c6b9aa2034b7ef633fe1a8b5c816ce8d7fcbb8
2018-12-21 22:03:54.046  - INFO: IDM-Client - Token in cache expired
2018-12-21 22:03:54.046  - INFO: IDM-Client - Checking token with IDM...
2018-12-21 22:03:54.124  - INFO: Root - Access-token OK. Redirecting to app...
2018-12-21 22:04:03.944  - INFO: IDM-Client - Token in cache, checking timestamp...
2018-12-21 22:04:03.944  - INFO: IDM-Client - a2c6b9aa2034b7ef633fe1a8b5c816ce8d7fcbb8
2018-12-21 22:04:03.944  - INFO: IDM-Client - Token in cache expired
2018-12-21 22:04:03.944  - INFO: IDM-Client - Checking token with IDM...
2018-12-21 22:05:32.178  - INFO: IDM-Client - Token in cache, checking timestamp...
2018-12-21 22:05:32.178  - INFO: IDM-Client - a2c6b9aa2034b7ef633fe1a8b5c816ce8d7fcbb8
2018-12-21 22:05:32.178  - INFO: IDM-Client - Token in cache expired
2018-12-21 22:05:32.178  - INFO: IDM-Client - Checking token with IDM...
2018-12-21 22:05:33.444  - INFO: IDM-Client - Token in cache, checking timestamp...
2018-12-21 22:05:33.444  - INFO: IDM-Client - a2c6b9aa2034b7ef633fe1a8b5c816ce8d7fcbb8
2018-12-21 22:05:33.445  - INFO: IDM-Client - Token in cache expired
2018-12-21 22:05:33.445  - INFO: IDM-Client - Checking token with IDM...
2018-12-21 22:05:34.421  - INFO: IDM-Client - Token in cache, checking timestamp...
2018-12-21 22:05:34.421  - INFO: IDM-Client - a2c6b9aa2034b7ef633fe1a8b5c816ce8d7fcbb8
2018-12-21 22:05:34.421  - INFO: IDM-Client - Token in cache expired
2018-12-21 22:05:34.421  - INFO: IDM-Client - Checking token with IDM...
2018-12-21 22:05:35.436  - INFO: IDM-Client - Token in cache, checking timestamp...
2018-12-21 22:05:35.437  - INFO: IDM-Client - a2c6b9aa2034b7ef633fe1a8b5c816ce8d7fcbb8
2018-12-21 22:05:35.437  - INFO: IDM-Client - Token in cache expired
2018-12-21 22:05:35.438  - INFO: IDM-Client - Checking token with IDM...
2018-12-21 22:05:56.850  - INFO: IDM-Client - Token in cache, checking timestamp...
2018-12-21 22:05:56.850  - INFO: IDM-Client - a2c6b9aa2034b7ef633fe1a8b5c816ce8d7fcbb8
2018-12-21 22:05:56.850  - INFO: IDM-Client - Token in cache expired
2018-12-21 22:05:56.851  - INFO: IDM-Client - Checking token with IDM...
2018-12-21 22:05:56.897  - INFO: Root - Access-token OK. Redirecting to app...
